{
  "src/components/Button.tsx": {
    "statementMap": {
      "0": { "start": { "line": 5, "column": 2 }, "end": { "line": 5, "column": 40 } },
      "1": { "start": { "line": 9, "column": 2 }, "end": { "line": 9, "column": 20 } }
    },
    "fnMap": {
      "0": { "name": "Button", "line": 4, "decl": { "start": { "line": 4, "column": 16 } } }
    },
    "branchMap": {
      "0": {
        "type": "cond-expr",
        "line": 5,
        "locations": [
          { "start": { "line": 5, "column": 20 } },
          { "start": { "line": 5, "column": 32 } }
        ]
      },
      "1": {
        "type": "default-arg",
        "line": 4,
        "locations": [{ "start": { "line": 4, "column": 24 } }]
      }
    },
    "s": { "0": 3, "1": 3 },
    "f": { "0": 3 },
    "b": { "0": [2, 1], "1": [0] }
  }
}
