<?xml version="1.0" ?>
<!DOCTYPE coverage SYSTEM 'http://cobertura.sourceforge.net/xml/coverage-04.dtd'>
<coverage version="7.4.4" timestamp="1719410000000" lines-valid="7" lines-covered="5" line-rate="0.7143" branches-covered="1" branches-valid="2" branch-rate="0.5" complexity="0">
	<!-- Generated by coverage.py: https://coverage.readthedocs.io/en/7.4.4 -->
	<!-- Based on https://raw.githubusercontent.com/cobertura/web/master/htdocs/xml/coverage-04.dtd -->
	<sources>
		<source>/home/runner/work/acme/acme</source>
	</sources>
	<packages>
		<package name="app" line-rate="0.7143" branch-rate="0.5" complexity="0">
			<classes>
				<class name="main.py" filename="app/main.py" complexity="0" line-rate="0.75" branch-rate="0.5">
					<methods/>
					<lines>
						<line number="1" hits="1"/>
						<line number="4" hits="1"/>
						<line number="7" hits="1" branch="true" condition-coverage="50% (1/2)"/>
						<line number="8" hits="0"/>
					</lines>
				</class>
				<class name="util.py" filename="app/util.py" complexity="0" line-rate="0.6667" branch-rate="1.0">
					<methods/>
					<lines>
						<line number="2" hits="3"/>
						<line number="3" hits="3"/>
						<line number="9" hits="0"/>
					</lines>
				</class>
			</classes>
		</package>
	</packages>
</coverage>
