<?xml version="1.0" encoding="UTF-8"?>
<!DOCTYPE coverage SYSTEM "http://cobertura.sourceforge.net/xml/coverage-04.dtd">
<coverage line-rate="0.6" branch-rate="0.5" lines-covered="3" lines-valid="5" branches-covered="1" branches-valid="2" complexity="1.5" version="2.1.1" timestamp="1719410000000">
  <sources>
    <source>src/main/java</source>
  </sources>
  <packages>
    <package name="com.acme.core" line-rate="0.6" branch-rate="0.5" complexity="1.5">
      <classes>
        <class name="com.acme.core.Engine" filename="com/acme/core/Engine.java" line-rate="0.6" branch-rate="0.5" complexity="1.5">
          <methods>
            <method name="start" signature="()V" line-rate="1.0" branch-rate="1.0" complexity="1.0">
              <lines>
                <line number="12" hits="4"/>
              </lines>
            </method>
            <method name="stop" signature="()V" line-rate="0.0" branch-rate="1.0" complexity="1.0">
              <lines>
                <line number="20" hits="0"/>
              </lines>
            </method>
          </methods>
          <lines>
            <line number="12" hits="4"/>
            <line number="13" hits="4" branch="true" condition-coverage="50% (1/2)">
              <conditions>
                <condition number="0" type="jump" coverage="50%"/>
              </conditions>
            </line>
            <line number="14" hits="4"/>
            <line number="20" hits="0"/>
            <line number="21" hits="0"/>
          </lines>
        </class>
      </classes>
    </package>
  </packages>
</coverage>
