<?xml version="1.0" encoding="UTF-8"?>
<coverage generated="1719410000" clover="3.2.0">
  <project timestamp="1719410000" name="All files">
    <package name="src">
      <file name="index.js" path="/home/runner/work/acme/acme/src/index.js">
        <metrics statements="3" coveredstatements="2" conditionals="2" coveredconditionals="1" methods="1" coveredmethods="1"/>
        <line num="1" count="4" type="stmt"/>
        <line num="3" count="4" type="method" name="handler"/>
        <line num="4" count="4" type="stmt"/>
        <line num="5" count="0" type="stmt"/>
        <line num="7" type="cond" truecount="1" falsecount="1"/>
      </file>
    </package>
    <metrics statements="3" coveredstatements="2" conditionals="2" coveredconditionals="2" methods="1" coveredmethods="1" elements="6" coveredelements="5"/>
  </project>
</coverage>
